#
# There is insufficient memory for the Java Runtime Environment to continue.
# Native memory allocation (mmap) failed to map 134217728 bytes for Failed to commit area from 0x0000000081e00000 to 0x0000000089e00000 of length 134217728.
# Possible reasons:
#   The system is out of physical RAM or swap space
#   The process is running with CompressedOops enabled, and the Java Heap may be blocking the growth of the native heap
# Possible solutions:
#   Reduce memory load on the system
#   Increase physical memory or swap space
#   Check if swap backing store is full
#   Decrease Java heap size (-Xmx/-Xms)
#   Decrease number of Java threads
#   Decrease Java thread stack sizes (-Xss)
#   Set larger code cache with -XX:ReservedCodeCacheSize=
# This output file may be truncated or incomplete.
#
#  Out of Memory Error (./src/hotspot/os/windows/os_windows.cpp:3303), pid=1816, tid=5692
#
# JRE version:  (11.0.8+10) (build )
# Java VM: OpenJDK 64-Bit Server VM (11.0.8+10-b944.6842174, mixed mode, sharing, tiered, compressed oops, g1 gc, windows-amd64)
# No core dump will be written. Minidumps are not enabled by default on client versions of Windows
#

---------------  S U M M A R Y ------------

Command Line: org.jetbrains.kotlin.cli.jvm.K2JVMCompiler @C:\Users\Devotize\AndroidStudioProjects\FaceDetector\app\build\20210505_14605176944834142977.compiler.options

Host: Intel(R) Core(TM) i3-7020U CPU @ 2.30GHz, 4 cores, 7G,  Windows 10 , 64 bit Build 19041 (10.0.19041.928)
Time: Wed May  5 10:03:47 2021 Russia TZ 2 Standard Time elapsed time: 0 seconds (0d 0h 0m 0s)

---------------  T H R E A D  ---------------

Current thread (0x00000202bddbf800):  JavaThread "Unknown thread" [_thread_in_vm, id=5692, stack(0x000000def3200000,0x000000def3300000)]

Stack: [0x000000def3200000,0x000000def3300000]
Native frames: (J=compiled Java code, j=interpreted, Vv=VM code, C=native code)
V  [jvm.dll+0x5de50a]
V  [jvm.dll+0x7122f5]
V  [jvm.dll+0x71384d]
V  [jvm.dll+0x713f03]
V  [jvm.dll+0x23e728]
V  [jvm.dll+0x5db9a4]
V  [jvm.dll+0x5d0ae5]
V  [jvm.dll+0x2fb20b]
V  [jvm.dll+0x2fb17a]
V  [jvm.dll+0x2fb052]
V  [jvm.dll+0x2fff16]
V  [jvm.dll+0x348743]
V  [jvm.dll+0x348e46]
V  [jvm.dll+0x348843]
V  [jvm.dll+0x2d5d68]
V  [jvm.dll+0x2d6f07]
V  [jvm.dll+0x6f11f7]
V  [jvm.dll+0x6f29ec]
V  [jvm.dll+0x355cb9]
V  [jvm.dll+0x6d4ade]
V  [jvm.dll+0x3bdfe3]
V  [jvm.dll+0x3c0201]
C  [jli.dll+0x5373]
C  [ucrtbase.dll+0x21bb2]
C  [KERNEL32.DLL+0x17034]
C  [ntdll.dll+0x52651]


---------------  P R O C E S S  ---------------

Threads class SMR info:
_java_thread_list=0x00000202bbcd22d0, length=0, elements={
}

Java Threads: ( => current thread )

Other Threads:
  0x00000202bddd3800 GCTaskThread "GC Thread#0" [stack: 0x000000def3300000,0x000000def3400000] [id=3740]
  0x00000202bde02800 ConcurrentGCThread "G1 Main Marker" [stack: 0x000000def3400000,0x000000def3500000] [id=3640]
  0x00000202bde05000 ConcurrentGCThread "G1 Conc#0" [stack: 0x000000def3500000,0x000000def3600000] [id=8236]

[error occurred during error reporting (printing all threads), id 0xc0000005, EXCEPTION_ACCESS_VIOLATION (0xc0000005) at pc=0x00007ff9eb7e6357]

VM state:not at safepoint (not fully initialized)

VM Mutex/Monitor currently owned by a thread:  ([mutex/lock_event])
[0x00000202bddbca80] Heap_lock - owner thread: 0x00000202bddbf800

Heap address: 0x0000000081e00000, size: 2018 MB, Compressed Oops mode: Non-zero based: 0x0000000081e00000
Narrow klass base: 0x0000000000000000, Narrow klass shift: 0

GC Heap History (0 events):
No events

Deoptimization events (0 events):
No events

Classes redefined (0 events):
No events

Internal exceptions (0 events):
No events

Events (1 events):
Event: 0.016 Loaded shared library C:\Program Files (x86)\android-studio\jre\bin\zip.dll


Dynamic libraries:
0x00007ff67ec40000 - 0x00007ff67ec4a000 	C:\Program Files (x86)\android-studio\jre\bin\java.exe
0x00007ffa37190000 - 0x00007ffa37385000 	C:\WINDOWS\SYSTEM32\ntdll.dll
0x00007ffa353d0000 - 0x00007ffa3548d000 	C:\WINDOWS\System32\KERNEL32.DLL
0x00007ffa34f20000 - 0x00007ffa351e8000 	C:\WINDOWS\System32\KERNELBASE.dll
0x00007ffa34e20000 - 0x00007ffa34f20000 	C:\WINDOWS\System32\ucrtbase.dll
0x00007ffa1d440000 - 0x00007ffa1d457000 	C:\Program Files (x86)\android-studio\jre\bin\VCRUNTIME140.dll
0x00007ffa16aa0000 - 0x00007ffa16ab9000 	C:\Program Files (x86)\android-studio\jre\bin\jli.dll
0x00007ffa36fb0000 - 0x00007ffa37150000 	C:\WINDOWS\System32\USER32.dll
0x00007ffa34a50000 - 0x00007ffa34a72000 	C:\WINDOWS\System32\win32u.dll
0x00007ffa36b40000 - 0x00007ffa36b6a000 	C:\WINDOWS\System32\GDI32.dll
0x00007ffa34a80000 - 0x00007ffa34b8b000 	C:\WINDOWS\System32\gdi32full.dll
0x00007ffa349b0000 - 0x00007ffa34a4d000 	C:\WINDOWS\System32\msvcp_win.dll
0x00007ffa22ad0000 - 0x00007ffa22d6a000 	C:\WINDOWS\WinSxS\amd64_microsoft.windows.common-controls_6595b64144ccf1df_6.0.19041.844_none_ca00b6081b84eb1d\COMCTL32.dll
0x00007ffa36c10000 - 0x00007ffa36cae000 	C:\WINDOWS\System32\msvcrt.dll
0x00007ffa36da0000 - 0x00007ffa36dd0000 	C:\WINDOWS\System32\IMM32.DLL
0x00007ffa05810000 - 0x00007ffa058ad000 	C:\Program Files (x86)\android-studio\jre\bin\msvcp140.dll
0x00007ff9eb500000 - 0x00007ff9ebfbc000 	C:\Program Files (x86)\android-studio\jre\bin\server\jvm.dll
0x00007ffa36f00000 - 0x00007ffa36fac000 	C:\WINDOWS\System32\ADVAPI32.dll
0x00007ffa36b70000 - 0x00007ffa36c0b000 	C:\WINDOWS\System32\sechost.dll
0x00007ffa36dd0000 - 0x00007ffa36efb000 	C:\WINDOWS\System32\RPCRT4.dll
0x00007ffa353c0000 - 0x00007ffa353c8000 	C:\WINDOWS\System32\PSAPI.DLL
0x00007ffa0f4e0000 - 0x00007ffa0f4e9000 	C:\WINDOWS\SYSTEM32\WSOCK32.dll
0x00007ffa36a70000 - 0x00007ffa36adb000 	C:\WINDOWS\System32\WS2_32.dll
0x00007ffa22f30000 - 0x00007ffa22f57000 	C:\WINDOWS\SYSTEM32\WINMM.dll
0x00007ffa2c5d0000 - 0x00007ffa2c5da000 	C:\WINDOWS\SYSTEM32\VERSION.dll
0x00007ffa32810000 - 0x00007ffa32822000 	C:\WINDOWS\SYSTEM32\kernel.appcore.dll
0x00007ffa20920000 - 0x00007ffa20931000 	C:\Program Files (x86)\android-studio\jre\bin\verify.dll
0x00007ffa1f850000 - 0x00007ffa1fa34000 	C:\WINDOWS\SYSTEM32\DBGHELP.DLL
0x00007ffa1f820000 - 0x00007ffa1f84c000 	C:\WINDOWS\SYSTEM32\dbgcore.DLL
0x00007ffa34c40000 - 0x00007ffa34cc0000 	C:\WINDOWS\System32\bcryptPrimitives.dll
0x00007ffa1d6d0000 - 0x00007ffa1d6f9000 	C:\Program Files (x86)\android-studio\jre\bin\java.dll
0x00007ffa26160000 - 0x00007ffa2616b000 	C:\Program Files (x86)\android-studio\jre\bin\jimage.dll
0x00007ffa1d420000 - 0x00007ffa1d438000 	C:\Program Files (x86)\android-studio\jre\bin\zip.dll

dbghelp: loaded successfully - version: 4.0.5 - missing functions: none
symbol engine: initialized successfully - sym options: 0x614 - pdb path: .;C:\Program Files (x86)\android-studio\jre\bin;C:\WINDOWS\SYSTEM32;C:\WINDOWS\WinSxS\amd64_microsoft.windows.common-controls_6595b64144ccf1df_6.0.19041.844_none_ca00b6081b84eb1d;C:\Program Files (x86)\android-studio\jre\bin\server

VM Arguments:
java_command: org.jetbrains.kotlin.cli.jvm.K2JVMCompiler @C:\Users\Devotize\AndroidStudioProjects\FaceDetector\app\build\20210505_14605176944834142977.compiler.options
java_class_path (initial): C:\Users\Devotize\.gradle\caches\modules-2\files-2.1\org.jetbrains.kotlin\kotlin-compiler-embeddable\1.4.21\87db94500aaf883536ae8c8efdee76bdc839d582\kotlin-compiler-embeddable-1.4.21.jar;C:\Users\Devotize\.gradle\caches\modules-2\files-2.1\org.jetbrains.kotlin\kotlin-reflect\1.4.21\748f681f4e3edbe9285ff46710c79049c70f4dfa\kotlin-reflect-1.4.21.jar;C:\Users\Devotize\.gradle\caches\modules-2\files-2.1\org.jetbrains.kotlin\kotlin-stdlib\1.4.21\4a668382d7c38688d3490afde93b6a113ed46698\kotlin-stdlib-1.4.21.jar;C:\Users\Devotize\.gradle\caches\modules-2\files-2.1\org.jetbrains.kotlin\kotlin-script-runtime\1.4.21\1247decba314790165b4fe94d09c45b09db6b07f\kotlin-script-runtime-1.4.21.jar;C:\Users\Devotize\.gradle\caches\modules-2\files-2.1\org.jetbrains.kotlin\kotlin-daemon-embeddable\1.4.21\bc95bcebdc871d45d9852b0c01abe9bec373bb52\kotlin-daemon-embeddable-1.4.21.jar;C:\Users\Devotize\.gradle\caches\modules-2\files-2.1\org.jetbrains.intellij.deps\trove4j\1.0.20181211\216c2e14b070f334479d800987affe4054cd563f\trove4j-1.0.20181211.jar;C:\Users\Devotize\.gradle\caches\modules-2\files-2.1\org.jetbrains.kotlin\kotlin-stdlib-common\1.4.21\7f48a062aa4b53215998780f7c245a4276828e1d\kotlin-stdlib-common-1.4.21.jar;C:\Users\Devotize\.gradle\caches\modules-2\files-2.1\org.jetbrains\annotations\13.0\919f0dfe192fb4e063e7dacadee7f8bb9a2672a9\annotations-13.0.jar
Launcher Type: SUN_STANDARD

[Global flags]
     intx CICompilerCount                          = 3                                         {product} {ergonomic}
     uint ConcGCThreads                            = 1                                         {product} {ergonomic}
     uint G1ConcRefinementThreads                  = 4                                         {product} {ergonomic}
   size_t G1HeapRegionSize                         = 1048576                                   {product} {ergonomic}
    uintx GCDrainStackTargetSize                   = 64                                        {product} {ergonomic}
   size_t InitialHeapSize                          = 134217728                                 {product} {ergonomic}
   size_t MarkStackSize                            = 4194304                                   {product} {ergonomic}
   size_t MaxHeapSize                              = 2116026368                                {product} {ergonomic}
   size_t MinHeapDeltaBytes                        = 1048576                                   {product} {ergonomic}
    uintx NonNMethodCodeHeapSize                   = 5830732                                {pd product} {ergonomic}
    uintx NonProfiledCodeHeapSize                  = 122913754                              {pd product} {ergonomic}
    uintx ProfiledCodeHeapSize                     = 122913754                              {pd product} {ergonomic}
    uintx ReservedCodeCacheSize                    = 251658240                              {pd product} {ergonomic}
     bool SegmentedCodeCache                       = true                                      {product} {ergonomic}
     bool UseCompressedClassPointers               = true                                 {lp64_product} {ergonomic}
     bool UseCompressedOops                        = true                                 {lp64_product} {ergonomic}
     bool UseG1GC                                  = true                                      {product} {ergonomic}
     bool UseLargePagesIndividualAllocation        = false                                  {pd product} {ergonomic}

Logging:
Log output configuration:
 #0: stdout all=warning uptime,level,tags
 #1: stderr all=off uptime,level,tags

Environment Variables:
JAVA_HOME=C:\Program Files\BellSoft\LibericaJDK-16\
PATH=C:\Program Files\BellSoft\LibericaJDK-16\bin\;C:\Users\Devotize\AppData\Local\Android\Sdk\platform-tools;C:\WINDOWS\system32;C:\WINDOWS;C:\WINDOWS\System32\Wbem;C:\WINDOWS\System32\WindowsPowerShell\v1.0\;C:\WINDOWS\System32\OpenSSH\;C:\Program Files\PuTTY\;C:\Scripts\;C:\;C:\Users\Devotize\AppData\Local\Programs\Python\Python37-32\Scripts\;C:\Users\Devotize\AppData\Local\Programs\Python\Python37-32\;C:\Users\Devotize\AppData\Local\Android\Sdk\platform-tools\adb.exe;C:\Users\Devotize\AppData\Local\Microsoft\WindowsApps;
USERNAME=Devotize
OS=Windows_NT
PROCESSOR_IDENTIFIER=Intel64 Family 6 Model 142 Stepping 10, GenuineIntel



---------------  S Y S T E M  ---------------

OS: Windows 10 , 64 bit Build 19041 (10.0.19041.928)
OS uptime: 5 days 15:05 hours

CPU:total 4 (initial active 4) (2 cores per cpu, 2 threads per core) family 6 model 142 stepping 10, cmov, cx8, fxsr, mmx, sse, sse2, sse3, ssse3, sse4.1, sse4.2, popcnt, avx, avx2, aes, clmul, erms, 3dnowpref, lzcnt, ht, tsc, tscinvbit, bmi1, bmi2, adx, fma

Memory: 4k page, system-wide physical 8069M (195M free)
TotalPageFile size 16069M (AvailPageFile size 63M)
current process WorkingSet (physical memory assigned to process): 9M, peak: 9M
current process commit charge ("private bytes"): 51M, peak: 179M

vm_info: OpenJDK 64-Bit Server VM (11.0.8+10-b944.6842174) for windows-amd64 JRE (11.0.8+10-b944.6842174), built on Sep 19 2020 01:11:42 by "builder" with MS VC++ 14.0 (VS2015)

END.
