#
# A fatal error has been detected by the Java Runtime Environment:
#
#  EXCEPTION_ACCESS_VIOLATION (0xc0000005) at pc=0x00007ffa26161c21, pid=2736, tid=5068
#
# JRE version:  (11.0.8+10) (build )
# Java VM: OpenJDK 64-Bit Server VM (11.0.8+10-b944.6842174, mixed mode, sharing, tiered, unknown gc, windows-amd64)
# Problematic frame:
# C  [jimage.dll+0x1c21]
#
# No core dump will be written. Minidumps are not enabled by default on client versions of Windows
#
#

---------------  S U M M A R Y ------------

Command Line: 

Host: Intel(R) Core(TM) i3-7020U CPU @ 2.30GHz, 4 cores, 7G,  Windows 10 , 64 bit Build 19041 (10.0.19041.928)
Time: Wed May  5 10:03:19 2021 Russia TZ 2 Standard Time elapsed time: 0 seconds (0d 0h 0m 0s)

---------------  T H R E A D  ---------------

Current thread is native thread

Stack: [0x0000002ddae00000,0x0000002ddaf00000],  sp=0x0000002ddaefdee0,  free space=1015k
Native frames: (J=compiled Java code, j=interpreted, Vv=VM code, C=native code)
C  [jimage.dll+0x1c21]


siginfo: EXCEPTION_ACCESS_VIOLATION (0xc0000005), reading address 0x0000000000007f4c


Registers:
RAX=0x0000000000001fcc, RBX=0x0000002ddaefdfd1, RCX=0x00007ffa26166000, RDX=0x0000000000001fcc
RSP=0x0000002ddaefdee0, RBP=0x0000002ddaefdfd0, RSI=0x0000000000007d4c, RDI=0x0000002ddaefdfd0
R8 =0x00007ffa26164278, R9 =0x000000000000001c, R10=0x00007ff9ebcf2b00, R11=0x00007ffa26166000
R12=0x0000000000000000, R13=0x0000014fa7e839b0, R14=0x0000002ddaeff068, R15=0x00007ff9ebcf2b88
RIP=0x00007ffa26161c21, EFLAGS=0x0000000000010246

Top of Stack: (sp=0x0000002ddaefdee0)
0x0000002ddaefdee0:   0000000000000050 0000014fa7e00cc0
0x0000002ddaefdef0:   0000000000000001 0000000000000008
0x0000002ddaefdf00:   0000014fa7e94280 00007ffa26161dbb
0x0000002ddaefdf10:   000000000000000b 0000014fa7e94280
0x0000002ddaefdf20:   0000014fa7e70000 0000002ddaefdfe9
0x0000002ddaefdf30:   0000000000000005 00007ffa371bb3c7
0x0000002ddaefdf40:   0000014fa7e00000 00007ffa00000000
0x0000002ddaefdf50:   0000000000000040 00007ffa00000008
0x0000002ddaefdf60:   0000000000000000 0000000000000000
0x0000002ddaefdf70:   00009751838534b0 00007ffa34e324fc
0x0000002ddaefdf80:   00007ff9ebccf898 0000000000000017
0x0000002ddaefdf90:   0000014fa7e94280 0000002ddaeff068
0x0000002ddaefdfa0:   000000000000000b 00007ffa26162795
0x0000002ddaefdfb0:   0000000000000000 00007ffa34e326ee
0x0000002ddaefdfc0:   0000000000000000 0000002ddaefe060
0x0000002ddaefdfd0:   61622e6176616a2f 692f6b646a2f6573 

Instructions: (pc=0x00007ffa26161c21)
0x00007ffa26161b21:   40 e9 95 22 00 00 cc 40 53 48 83 ec 20 48 8b d9
0x00007ffa26161b31:   48 8b 49 48 48 85 c9 74 1d 80 3d cf 44 00 00 00
0x00007ffa26161b41:   74 06 48 8b 53 18 eb 04 48 8b 53 40 e8 2e 10 00
0x00007ffa26161b51:   00 48 83 63 48 00 8b 4b 0c 83 f9 ff 74 09 e8 64
0x00007ffa26161b61:   0e 00 00 83 4b 0c ff 48 83 c4 20 5b c3 cc cc 40
0x00007ffa26161b71:   53 48 83 ec 20 48 8b d9 48 8d 0d a0 46 00 00 e8
0x00007ffa26161b81:   4b 0e 00 00 83 6b 08 01 75 24 48 8b d3 48 8d 0d
0x00007ffa26161b91:   83 44 00 00 e8 3a 09 00 00 48 8b cb e8 ae fe ff
0x00007ffa26161ba1:   ff ba 78 00 00 00 48 8b cb e8 49 10 00 00 48 8d
0x00007ffa26161bb1:   0d 6a 46 00 00 48 83 c4 20 5b e9 18 0e 00 00 48
0x00007ffa26161bc1:   89 5c 24 08 48 89 74 24 10 57 48 83 ec 20 41 8b
0x00007ffa26161bd1:   f1 4d 8b c8 48 8b fa 4c 8b d9 4d 85 c0 0f 84 83
0x00007ffa26161be1:   00 00 00 85 f6 74 7f 44 8a 12 48 8d 5a 01 48 8b
0x00007ffa26161bf1:   d3 b8 93 01 00 01 eb 12 69 c0 93 01 00 01 41 0f
0x00007ffa26161c01:   b6 ca 44 8a 12 33 c1 48 ff c2 45 84 d2 75 e9 4d
0x00007ffa26161c11:   8b 03 0f ba f0 1f 33 d2 49 8b cb f7 f6 48 63 c2
0x00007ffa26161c21:   41 8b 14 81 41 ff 50 08 44 8b c0 85 c0 7e 2a 8a
0x00007ffa26161c31:   07 eb 12 45 69 c0 93 01 00 01 0f b6 c8 8a 03 44
0x00007ffa26161c41:   33 c1 48 ff c3 84 c0 75 ea 41 0f ba f0 1f 33 d2
0x00007ffa26161c51:   41 8b c0 f7 f6 8b c2 eb 10 83 c8 ff 45 85 c0 79
0x00007ffa26161c61:   08 41 2b c0 eb 03 83 c8 ff 48 8b 5c 24 30 48 8b
0x00007ffa26161c71:   74 24 38 48 83 c4 20 5f c3 cc cc 48 89 5c 24 08
0x00007ffa26161c81:   48 89 74 24 10 57 48 83 ec 20 48 8b f1 48 8d 0d
0x00007ffa26161c91:   8b 45 00 00 e8 36 0d 00 00 33 ff 39 3d 76 43 00
0x00007ffa26161ca1:   00 76 24 48 8b 05 75 43 00 00 48 8b d6 48 8b 1c
0x00007ffa26161cb1:   f8 48 8b 0b e8 26 21 00 00 85 c0 74 2b ff c7 3b
0x00007ffa26161cc1:   3d 52 43 00 00 72 dc 33 db 48 8d 0d 4f 45 00 00
0x00007ffa26161cd1:   e8 02 0d 00 00 48 8b 74 24 38 48 8b c3 48 8b 5c
0x00007ffa26161ce1:   24 30 48 83 c4 20 5f c3 ff 43 08 eb dc cc cc 48
0x00007ffa26161cf1:   89 5c 24 08 48 89 74 24 10 57 48 83 ec 20 48 8b
0x00007ffa26161d01:   d9 48 8b f2 48 8b 49 10 49 8b f8 8b 53 30 48 8b
0x00007ffa26161d11:   01 ff 50 20 4c 8b 43 50 48 8b d6 48 8b 4b 10 44 



---------------  P R O C E S S  ---------------

VM state:not at safepoint (not fully initialized)

VM Mutex/Monitor currently owned by a thread: None


Dynamic libraries:
0x00007ff67ec40000 - 0x00007ff67ec4a000 	C:\Program Files (x86)\android-studio\jre\bin\java.exe
0x00007ffa37190000 - 0x00007ffa37385000 	C:\WINDOWS\SYSTEM32\ntdll.dll
0x00007ffa353d0000 - 0x00007ffa3548d000 	C:\WINDOWS\System32\KERNEL32.DLL
0x00007ffa34f20000 - 0x00007ffa351e8000 	C:\WINDOWS\System32\KERNELBASE.dll
0x00007ffa34e20000 - 0x00007ffa34f20000 	C:\WINDOWS\System32\ucrtbase.dll
0x00007ffa16aa0000 - 0x00007ffa16ab9000 	C:\Program Files (x86)\android-studio\jre\bin\jli.dll
0x00007ffa36fb0000 - 0x00007ffa37150000 	C:\WINDOWS\System32\USER32.dll
0x00007ffa34a50000 - 0x00007ffa34a72000 	C:\WINDOWS\System32\win32u.dll
0x00007ffa36b40000 - 0x00007ffa36b6a000 	C:\WINDOWS\System32\GDI32.dll
0x00007ffa34a80000 - 0x00007ffa34b8b000 	C:\WINDOWS\System32\gdi32full.dll
0x00007ffa349b0000 - 0x00007ffa34a4d000 	C:\WINDOWS\System32\msvcp_win.dll
0x00007ffa22ad0000 - 0x00007ffa22d6a000 	C:\WINDOWS\WinSxS\amd64_microsoft.windows.common-controls_6595b64144ccf1df_6.0.19041.844_none_ca00b6081b84eb1d\COMCTL32.dll
0x00007ffa36c10000 - 0x00007ffa36cae000 	C:\WINDOWS\System32\msvcrt.dll
0x00007ffa1d440000 - 0x00007ffa1d457000 	C:\Program Files (x86)\android-studio\jre\bin\VCRUNTIME140.dll
0x00007ffa36da0000 - 0x00007ffa36dd0000 	C:\WINDOWS\System32\IMM32.DLL
0x00007ffa05810000 - 0x00007ffa058ad000 	C:\Program Files (x86)\android-studio\jre\bin\msvcp140.dll
0x00007ff9eb500000 - 0x00007ff9ebfbc000 	C:\Program Files (x86)\android-studio\jre\bin\server\jvm.dll
0x00007ffa36f00000 - 0x00007ffa36fac000 	C:\WINDOWS\System32\ADVAPI32.dll
0x00007ffa36b70000 - 0x00007ffa36c0b000 	C:\WINDOWS\System32\sechost.dll
0x00007ffa36dd0000 - 0x00007ffa36efb000 	C:\WINDOWS\System32\RPCRT4.dll
0x00007ffa353c0000 - 0x00007ffa353c8000 	C:\WINDOWS\System32\PSAPI.DLL
0x00007ffa0f4e0000 - 0x00007ffa0f4e9000 	C:\WINDOWS\SYSTEM32\WSOCK32.dll
0x00007ffa36a70000 - 0x00007ffa36adb000 	C:\WINDOWS\System32\WS2_32.dll
0x00007ffa22f30000 - 0x00007ffa22f57000 	C:\WINDOWS\SYSTEM32\WINMM.dll
0x00007ffa2c5d0000 - 0x00007ffa2c5da000 	C:\WINDOWS\SYSTEM32\VERSION.dll
0x00007ffa32810000 - 0x00007ffa32822000 	C:\WINDOWS\SYSTEM32\kernel.appcore.dll
0x00007ffa20920000 - 0x00007ffa20931000 	C:\Program Files (x86)\android-studio\jre\bin\verify.dll
0x00007ffa1f850000 - 0x00007ffa1fa34000 	C:\WINDOWS\SYSTEM32\DBGHELP.DLL
0x00007ffa1f820000 - 0x00007ffa1f84c000 	C:\WINDOWS\SYSTEM32\dbgcore.DLL
0x00007ffa34c40000 - 0x00007ffa34cc0000 	C:\WINDOWS\System32\bcryptPrimitives.dll
0x00007ffa1d6d0000 - 0x00007ffa1d6f9000 	C:\Program Files (x86)\android-studio\jre\bin\java.dll
0x00007ffa26160000 - 0x00007ffa2616b000 	C:\Program Files (x86)\android-studio\jre\bin\jimage.dll

dbghelp: loaded successfully - version: 4.0.5 - missing functions: none
symbol engine: initialized successfully - sym options: 0x614 - pdb path: .;C:\Program Files (x86)\android-studio\jre\bin;C:\WINDOWS\SYSTEM32;C:\WINDOWS\WinSxS\amd64_microsoft.windows.common-controls_6595b64144ccf1df_6.0.19041.844_none_ca00b6081b84eb1d;C:\Program Files (x86)\android-studio\jre\bin\server

VM Arguments:
java_command: <unknown>
java_class_path (initial): <not set>
Launcher Type: SUN_STANDARD

[Global flags]
     bool UseLargePagesIndividualAllocation        = false                                  {pd product} {ergonomic}

Logging:
Log output configuration:
 #0: stdout all=warning uptime,level,tags
 #1: stderr all=off uptime,level,tags

Environment Variables:
JAVA_HOME=C:\Program Files\BellSoft\LibericaJDK-16\
PATH=C:\Program Files\BellSoft\LibericaJDK-16\bin\;C:\Users\Devotize\AppData\Local\Android\Sdk\platform-tools;C:\WINDOWS\system32;C:\WINDOWS;C:\WINDOWS\System32\Wbem;C:\WINDOWS\System32\WindowsPowerShell\v1.0\;C:\WINDOWS\System32\OpenSSH\;C:\Program Files\PuTTY\;C:\Scripts\;C:\;C:\Users\Devotize\AppData\Local\Programs\Python\Python37-32\Scripts\;C:\Users\Devotize\AppData\Local\Programs\Python\Python37-32\;C:\Users\Devotize\AppData\Local\Android\Sdk\platform-tools\adb.exe;C:\Users\Devotize\AppData\Local\Microsoft\WindowsApps;
USERNAME=Devotize
OS=Windows_NT
PROCESSOR_IDENTIFIER=Intel64 Family 6 Model 142 Stepping 10, GenuineIntel



---------------  S Y S T E M  ---------------

OS: Windows 10 , 64 bit Build 19041 (10.0.19041.928)
OS uptime: 5 days 15:04 hours

CPU:total 4 (initial active 0) 

Memory: 4k page, system-wide physical 8069M (304M free)
TotalPageFile size 16069M (AvailPageFile size 3M)
current process WorkingSet (physical memory assigned to process): 7M, peak: 7M
current process commit charge ("private bytes"): 3M, peak: 3M

vm_info: OpenJDK 64-Bit Server VM (11.0.8+10-b944.6842174) for windows-amd64 JRE (11.0.8+10-b944.6842174), built on Sep 19 2020 01:11:42 by "builder" with MS VC++ 14.0 (VS2015)

END.
